[Test worker] INFO net.serenitybdd.core.Serenity - Test Suite Started: Access the Manage Access Tool
#Author: jay.franklin@csra.com
@all_faa @jay_group2 @login
Feature: Access the Manage Access Tool
  User Stories [ UAS-20 ][ UAS-93 ][ UAS-815 ][ UAS-816 ][ UAS-823 ][ UAS-824 ][ UAS-826 ][ UAS-827 ][ UAS-831 ][ UAS-980 ]
  This feature file logs in as an Admin to access the Manage Access Tool Page
[Test worker] INFO net.serenitybdd.core.Serenity - 
 _____ _____ ____ _____   ____ _____  _    ____ _____ _____ ____  
|_   _| ____/ ___|_   _| / ___|_   _|/ \  |  _ \_   _| ____|  _ \ 
  | | |  _| \___ \ | |   \___ \ | | / _ \ | |_) || | |  _| | | | |
  | | | |___ ___) || |    ___) || |/ ___ \|  _ < | | | |___| |_| |
  |_| |_____|____/ |_|   |____/ |_/_/   \_\_| \_\|_| |_____|____/ 
                                                                  

TEST STARTED: Gateway App Validate the Login Access Tool -- 12 Steps
-------------------------------------------------------------------(access-the-manage-access-tool;gateway-app-validate-the-login-access-tool----12-steps)
[Test worker] INFO net.serenitybdd.core.Serenity - STARTING STEP Given i have accessed the welcome page
New Random Location Line Number -->548208
New Random Location Line Number -->389106
New Random Location Line Number -->905913
[Test worker] INFO net.serenitybdd.core.Serenity - STARTING STEP Navigate to the faa home page
[Test worker] INFO net.serenitybdd.core.Serenity - [91mSTEP ERROR: net.serenitybdd.core.exceptions.SerenityManagedException: org.openqa.selenium.os.CommandLine.find(Ljava/lang/String;)Ljava/lang/String;[0m
[Test worker] INFO net.serenitybdd.core.Serenity - [91mSTEP ERROR: java.lang.NoSuchMethodError: org.openqa.selenium.os.CommandLine.find(Ljava/lang/String;)Ljava/lang/String;[0m
[Test worker] INFO net.serenitybdd.core.Serenity - STARTING STEP When i click on the Login button
[Test worker] INFO net.serenitybdd.core.Serenity - [33mIGNORING STEP[0m
[Test worker] INFO net.serenitybdd.core.Serenity - STARTING STEP Then i click on the I Agree button
[Test worker] INFO net.serenitybdd.core.Serenity - [33mIGNORING STEP[0m
[Test worker] INFO net.serenitybdd.core.Serenity - STARTING STEP Then log in with random gateway hobbyist account
[Test worker] INFO net.serenitybdd.core.Serenity - [33mIGNORING STEP[0m
[Test worker] INFO net.serenitybdd.core.Serenity - STARTING STEP Then i click the logout button
[Test worker] INFO net.serenitybdd.core.Serenity - [33mIGNORING STEP[0m
[Test worker] ERROR net.serenitybdd.core.Serenity - [91m
           __  _____ _____ ____ _____   _____ _    ___ _     _____ ____  
  _       / / |_   _| ____/ ___|_   _| |  ___/ \  |_ _| |   | ____|  _ \ 
 (_)_____| |    | | |  _| \___ \ | |   | |_ / _ \  | || |   |  _| | | | |
  _|_____| |    | | | |___ ___) || |   |  _/ ___ \ | || |___| |___| |_| |
 (_)     | |    |_| |_____|____/ |_|   |_|/_/   \_\___|_____|_____|____/ 
          \_\                                                            

TEST FAILED WITH ERROR: Gateway App Validate the Login Access Tool -- 12 Steps
---------------------------------------------------------------------[0m
[Test worker] ERROR net.serenitybdd.core.Serenity - [91mTEST FAILED AT STEP Navigate to the faa home page[0m
[Test worker] ERROR net.serenitybdd.core.Serenity - org.openqa.selenium.os.CommandLine.find(Ljava/lang/String;)Ljava/lang/String;
[pool-1-thread-1] INFO net.thucydides.core.reports.json.JSONTestOutcomeReporter - Generating JSON report for Gateway App Validate the Login Access Tool -- 12 Steps to file C:\Users\jfrankl6\workspacex\faa-gradle-gatewayx\target\site\serenity\fc14cdd5d439245d06aac72a5e1ac1bf.json (using temp file C:\Users\jfrankl6\workspacex\faa-gradle-gatewayx\target\site\serenity\fc14cdd5d439245d06aac72a5e1ac1bf.jsoneeabdabe-7095-4074-806f-afcccd3da509)
[pool-1-thread-2] INFO net.thucydides.core.reports.html.HtmlAcceptanceTestReporter - GENERATING HTML REPORT FOR Access the Manage Access Tool:Gateway App Validate the Login Access Tool -- 12 Steps in fc14cdd5d439245d06aac72a5e1ac1bf.html in directory target\site\serenity  

  Scenario: Gateway App Validate the Login Access Tool -- 12 Steps [90m# login.feature:9[0m
    [31mGiven [0m[31mi have accessed the welcome page[0m                         [90m# NavigationMap.given_welcome()[0m
      [31mnet.serenitybdd.core.exceptions.SerenityManagedException: org.openqa.selenium.os.CommandLine.find(Ljava/lang/String;)Ljava/lang/String;
      	at net.serenitybdd.core.webdriver.servicepools.DriverServiceExecutable.asAFile(DriverServiceExecutable.java:90)
      	at net.serenitybdd.core.webdriver.servicepools.GeckoDriverServiceExecutable.geckoBinaryCalled(GeckoDriverServiceExecutable.java:38)
      	at net.serenitybdd.core.webdriver.servicepools.GeckoDriverServiceExecutable.executablePath(GeckoDriverServiceExecutable.java:24)
      	at net.serenitybdd.core.webdriver.servicepools.GeckoDriverServiceExecutable.inEnvironment(GeckoDriverServiceExecutable.java:20)
      	at net.serenitybdd.core.webdriver.servicepools.GeckoServicePool.configureGeckoDriverBinaries(GeckoServicePool.java:38)
      	at net.serenitybdd.core.webdriver.servicepools.GeckoServicePool.<init>(GeckoServicePool.java:29)
      	at net.serenitybdd.core.webdriver.driverproviders.FirefoxDriverProvider.<init>(FirefoxDriverProvider.java:29)
      	at net.thucydides.core.webdriver.WebDriverFactory.driverProviders(WebDriverFactory.java:102)
      	at net.thucydides.core.webdriver.WebDriverFactory.newWebdriverInstance(WebDriverFactory.java:126)
      	at net.thucydides.core.webdriver.WebDriverFacade.newDriverInstance(WebDriverFacade.java:144)
      	at net.thucydides.core.webdriver.WebDriverFacade.newProxyDriver(WebDriverFacade.java:135)
      	at net.thucydides.core.webdriver.WebDriverFacade.getProxiedDriver(WebDriverFacade.java:105)
      	at net.thucydides.core.webdriver.WebDriverFacade.openIgnoringHtmlUnitScriptErrors(WebDriverFacade.java:180)
      	at net.thucydides.core.webdriver.WebDriverFacade.get(WebDriverFacade.java:175)
      	at net.serenitybdd.core.pages.PageObject.openPageAtUrl(PageObject.java:829)
      	at net.serenitybdd.core.pages.PageObject.openAt(PageObject.java:782)
      	at faa.cucumber.stepLibraries.BaseUserSteps.navigateToTheFaaHomePage(BaseUserSteps.java:60)
      	at faa.cucumber.stepLibraries.BaseUserSteps$$EnhancerByCGLIB$$8346fc2.CGLIB$navigateToTheFaaHomePage$10(<generated>)
      	at faa.cucumber.stepLibraries.BaseUserSteps$$EnhancerByCGLIB$$8346fc2$$FastClassByCGLIB$$29f612bc.invoke(<generated>)
      	at net.sf.cglib.proxy.MethodProxy.invokeSuper(MethodProxy.java:228)
      	at net.thucydides.core.steps.StepInterceptor.invokeMethod(StepInterceptor.java:372)
      	at net.thucydides.core.steps.StepInterceptor.executeTestStepMethod(StepInterceptor.java:357)
      	at net.thucydides.core.steps.StepInterceptor.runTestStep(StepInterceptor.java:332)
      	at net.thucydides.core.steps.StepInterceptor.testStepResult(StepInterceptor.java:134)
      	at net.thucydides.core.steps.StepInterceptor.intercept(StepInterceptor.java:61)
      	at faa.cucumber.stepLibraries.BaseUserSteps$$EnhancerByCGLIB$$8346fc2.navigateToTheFaaHomePage(<generated>)
      	at faa.cucumber.maps.NavigationMap.given_welcome(NavigationMap.java:197)
      	at ?.Given i have accessed the welcome page(login.feature:11)
      [0m
    [36mWhen [0m[36mi click on the Login button[0m                               [90m# NavigationMap.when_click_login_button()[0m
    [36mThen [0m[36mi click on the I Agree button[0m                             [90m# NavigationMap.clickOnIAgreeButton()[0m
    [36mThen [0m[36mlog in with random gateway hobbyist account[0m               [90m# NavigationMap.iloginWithRandomGatewayHobbyistAccount()[0m
    [36mThen [0m[36mi click the logout button[0m                                 [90m# UserProfileMap.clickOnLogoutButton()[0m

[31mFailed scenarios:[0m
[31mlogin.feature:9 [0m# Scenario: Gateway App Validate the Login Access Tool -- 12 Steps

1 Scenarios ([31m1 failed[0m)
5 Steps ([31m1 failed[0m, [36m4 skipped[0m)
0m1.478s

net.serenitybdd.core.exceptions.SerenityManagedException: org.openqa.selenium.os.CommandLine.find(Ljava/lang/String;)Ljava/lang/String;
	at net.serenitybdd.core.webdriver.servicepools.DriverServiceExecutable.asAFile(DriverServiceExecutable.java:90)
	at net.serenitybdd.core.webdriver.servicepools.GeckoDriverServiceExecutable.geckoBinaryCalled(GeckoDriverServiceExecutable.java:38)
	at net.serenitybdd.core.webdriver.servicepools.GeckoDriverServiceExecutable.executablePath(GeckoDriverServiceExecutable.java:24)
	at net.serenitybdd.core.webdriver.servicepools.GeckoDriverServiceExecutable.inEnvironment(GeckoDriverServiceExecutable.java:20)
	at net.serenitybdd.core.webdriver.servicepools.GeckoServicePool.configureGeckoDriverBinaries(GeckoServicePool.java:38)
	at net.serenitybdd.core.webdriver.servicepools.GeckoServicePool.<init>(GeckoServicePool.java:29)
	at net.serenitybdd.core.webdriver.driverproviders.FirefoxDriverProvider.<init>(FirefoxDriverProvider.java:29)
	at net.thucydides.core.webdriver.WebDriverFactory.driverProviders(WebDriverFactory.java:102)
	at net.thucydides.core.webdriver.WebDriverFactory.newWebdriverInstance(WebDriverFactory.java:126)
	at net.thucydides.core.webdriver.WebDriverFacade.newDriverInstance(WebDriverFacade.java:144)
	at net.thucydides.core.webdriver.WebDriverFacade.newProxyDriver(WebDriverFacade.java:135)
	at net.thucydides.core.webdriver.WebDriverFacade.getProxiedDriver(WebDriverFacade.java:105)
	at net.thucydides.core.webdriver.WebDriverFacade.openIgnoringHtmlUnitScriptErrors(WebDriverFacade.java:180)
	at net.thucydides.core.webdriver.WebDriverFacade.get(WebDriverFacade.java:175)
	at net.serenitybdd.core.pages.PageObject.openPageAtUrl(PageObject.java:829)
	at net.serenitybdd.core.pages.PageObject.openAt(PageObject.java:782)
	at faa.cucumber.stepLibraries.BaseUserSteps.navigateToTheFaaHomePage(BaseUserSteps.java:60)
	at faa.cucumber.stepLibraries.BaseUserSteps$$EnhancerByCGLIB$$8346fc2.CGLIB$navigateToTheFaaHomePage$10(<generated>)
	at faa.cucumber.stepLibraries.BaseUserSteps$$EnhancerByCGLIB$$8346fc2$$FastClassByCGLIB$$29f612bc.invoke(<generated>)
	at net.sf.cglib.proxy.MethodProxy.invokeSuper(MethodProxy.java:228)
	at net.thucydides.core.steps.StepInterceptor.invokeMethod(StepInterceptor.java:372)
	at net.thucydides.core.steps.StepInterceptor.executeTestStepMethod(StepInterceptor.java:357)
	at net.thucydides.core.steps.StepInterceptor.runTestStep(StepInterceptor.java:332)
	at net.thucydides.core.steps.StepInterceptor.testStepResult(StepInterceptor.java:134)
	at net.thucydides.core.steps.StepInterceptor.intercept(StepInterceptor.java:61)
	at faa.cucumber.stepLibraries.BaseUserSteps$$EnhancerByCGLIB$$8346fc2.navigateToTheFaaHomePage(<generated>)
	at faa.cucumber.maps.NavigationMap.given_welcome(NavigationMap.java:197)
	at ?.Given i have accessed the welcome page(login.feature:11)

